
[2026-05-13 12:30:18] Starting odds snapshot cycle
Repo root: C:\Users\ElliotBladen\Apps
Snapshot script: C:\Users\ElliotBladen\Apps\lib\scraper\odds_snapshot.py
Tracker script: C:\Users\ElliotBladen\Apps\lib\scraper\odds_movement_tracker.py
Tracker script finished with exit code 0

[2026-05-13 12:32:44] Starting odds snapshot cycle
Repo root: C:\Users\ElliotBladen\Apps
Snapshot script: C:\Users\ElliotBladen\Apps\lib\scraper\odds_snapshot.py
Tracker script: C:\Users\ElliotBladen\Apps\lib\scraper\odds_movement_tracker.py
Tracker script finished with exit code 0

[2026-05-13 12:33:04] Starting odds snapshot cycle
Repo root: C:\Users\ElliotBladen\Apps
Snapshot script: C:\Users\ElliotBladen\Apps\lib\scraper\odds_snapshot.py
Tracker script: C:\Users\ElliotBladen\Apps\lib\scraper\odds_movement_tracker.py
Tracker script finished with exit code 0

[2026-05-14 06:40:32] Starting odds snapshot cycle
Repo root: C:\Users\ElliotBladen\Apps
Snapshot script: C:\Users\ElliotBladen\Apps\lib\scraper\odds_snapshot.py
Tracker script: C:\Users\ElliotBladen\Apps\lib\scraper\odds_movement_tracker.py
Snapshot script failed with exit code 1

[2026-05-14 09:00:03] Starting odds snapshot cycle
Repo root: C:\Users\ElliotBladen\Apps
Snapshot script: C:\Users\ElliotBladen\Apps\lib\scraper\odds_snapshot.py
Tracker script: C:\Users\ElliotBladen\Apps\lib\scraper\odds_movement_tracker.py
Snapshot script failed with exit code 1

[2026-05-14 09:34:47] Starting odds snapshot cycle
Repo root: C:\Users\ElliotBladen\Apps
Snapshot script: C:\Users\ElliotBladen\Apps\lib\scraper\odds_snapshot.py
Tracker script: C:\Users\ElliotBladen\Apps\lib\scraper\odds_movement_tracker.py

[2026-05-14 09:51:20] Starting odds snapshot cycle
Repo root: C:\Users\ElliotBladen\Apps
Snapshot script: C:\Users\ElliotBladen\Apps\lib\scraper\odds_snapshot.py
Tracker script: C:\Users\ElliotBladen\Apps\lib\scraper\odds_movement_tracker.py
Tracker script finished with exit code 1

[2026-05-14 09:59:12] Starting odds snapshot cycle
Repo root: C:\Users\ElliotBladen\Apps
Snapshot script: C:\Users\ElliotBladen\Apps\lib\scraper\odds_snapshot.py
Tracker script: C:\Users\ElliotBladen\Apps\lib\scraper\odds_movement_tracker.py
Tracker script finished with exit code 0
